<?xml version="1.0" encoding="UTF-8"?>
<testng-results skipped="0" failed="0" ignored="0" total="12" passed="12">
  <reporter-output>
  </reporter-output>
  <suite name="Suite" duration-ms="26189" started-at="2019-08-13T10:39:14Z" finished-at="2019-08-13T10:39:40Z">
    <groups>
    </groups>
    <test name="Test" duration-ms="26189" started-at="2019-08-13T10:39:14Z" finished-at="2019-08-13T10:39:40Z">
      <class name="testng.NewTest1">
        <test-method status="PASS" signature="entry()[pri:0, instance:testng.NewTest1@6f7fd0e6]" name="entry" is-config="true" duration-ms="10175" started-at="2019-08-13T10:39:14Z" finished-at="2019-08-13T10:39:24Z">
          <reporter-output>
          </reporter-output>
        </test-method> <!-- entry -->
        <test-method status="PASS" signature="f()[pri:0, instance:testng.NewTest1@6f7fd0e6]" name="f" duration-ms="528" started-at="2019-08-13T10:39:24Z" finished-at="2019-08-13T10:39:25Z">
          <reporter-output>
          </reporter-output>
        </test-method> <!-- f -->
        <test-method status="PASS" signature="exit()[pri:0, instance:testng.NewTest1@6f7fd0e6]" name="exit" is-config="true" duration-ms="1544" started-at="2019-08-13T10:39:25Z" finished-at="2019-08-13T10:39:26Z">
          <reporter-output>
          </reporter-output>
        </test-method> <!-- exit -->
      </class> <!-- testng.NewTest1 -->
      <class name="testng.NewTest">
        <test-method status="PASS" signature="entry()[pri:0, instance:testng.NewTest@47c62251]" name="entry" is-config="true" duration-ms="9679" started-at="2019-08-13T10:39:26Z" finished-at="2019-08-13T10:39:36Z">
          <reporter-output>
          </reporter-output>
        </test-method> <!-- entry -->
        <test-method status="PASS" signature="f1()[pri:1, instance:testng.NewTest@47c62251]" name="f1" duration-ms="1519" started-at="2019-08-13T10:39:36Z" finished-at="2019-08-13T10:39:37Z">
          <reporter-output>
          </reporter-output>
        </test-method> <!-- f1 -->
        <test-method status="PASS" signature="a(java.lang.String)[pri:4, instance:testng.NewTest@47c62251]" name="a" duration-ms="134" started-at="2019-08-13T10:39:38Z" data-provider="product" finished-at="2019-08-13T10:39:38Z">
          <params>
            <param index="0">
              <value>
                <![CDATA[Web Database Development]]>
              </value>
            </param>
          </params>
          <reporter-output>
          </reporter-output>
        </test-method> <!-- a -->
        <test-method status="PASS" signature="a(java.lang.String)[pri:4, instance:testng.NewTest@47c62251]" name="a" duration-ms="68" started-at="2019-08-13T10:39:38Z" data-provider="product" finished-at="2019-08-13T10:39:38Z">
          <params>
            <param index="0">
              <value>
                <![CDATA[MySQL]]>
              </value>
            </param>
          </params>
          <reporter-output>
          </reporter-output>
        </test-method> <!-- a -->
        <test-method status="PASS" signature="a(java.lang.String)[pri:4, instance:testng.NewTest@47c62251]" name="a" duration-ms="60" started-at="2019-08-13T10:39:38Z" data-provider="product" finished-at="2019-08-13T10:39:38Z">
          <params>
            <param index="0">
              <value>
                <![CDATA[MySQL and mSQL]]>
              </value>
            </param>
          </params>
          <reporter-output>
          </reporter-output>
        </test-method> <!-- a -->
        <test-method status="PASS" signature="a(java.lang.String)[pri:4, instance:testng.NewTest@47c62251]" name="a" duration-ms="64" started-at="2019-08-13T10:39:38Z" data-provider="product" finished-at="2019-08-13T10:39:38Z">
          <params>
            <param index="0">
              <value>
                <![CDATA[Beginning ASP Databases]]>
              </value>
            </param>
          </params>
          <reporter-output>
          </reporter-output>
        </test-method> <!-- a -->
        <test-method status="PASS" signature="a(java.lang.String)[pri:4, instance:testng.NewTest@47c62251]" name="a" duration-ms="63" started-at="2019-08-13T10:39:38Z" data-provider="product" finished-at="2019-08-13T10:39:38Z">
          <params>
            <param index="0">
              <value>
                <![CDATA[Oracle8i Web Development]]>
              </value>
            </param>
          </params>
          <reporter-output>
          </reporter-output>
        </test-method> <!-- a -->
        <test-method status="PASS" signature="b(java.lang.String)[pri:5, instance:testng.NewTest@47c62251]" name="b" duration-ms="68" started-at="2019-08-13T10:39:38Z" data-provider="price" finished-at="2019-08-13T10:39:38Z">
          <params>
            <param index="0">
              <value>
                <![CDATA[39.99]]>
              </value>
            </param>
          </params>
          <reporter-output>
          </reporter-output>
        </test-method> <!-- b -->
        <test-method status="PASS" signature="b(java.lang.String)[pri:5, instance:testng.NewTest@47c62251]" name="b" duration-ms="62" started-at="2019-08-13T10:39:38Z" data-provider="price" finished-at="2019-08-13T10:39:38Z">
          <params>
            <param index="0">
              <value>
                <![CDATA[39.99]]>
              </value>
            </param>
          </params>
          <reporter-output>
          </reporter-output>
        </test-method> <!-- b -->
        <test-method status="PASS" signature="b(java.lang.String)[pri:5, instance:testng.NewTest@47c62251]" name="b" duration-ms="78" started-at="2019-08-13T10:39:38Z" data-provider="price" finished-at="2019-08-13T10:39:38Z">
          <params>
            <param index="0">
              <value>
                <![CDATA[27.96]]>
              </value>
            </param>
          </params>
          <reporter-output>
          </reporter-output>
        </test-method> <!-- b -->
        <test-method status="PASS" signature="b(java.lang.String)[pri:5, instance:testng.NewTest@47c62251]" name="b" duration-ms="94" started-at="2019-08-13T10:39:38Z" data-provider="price" finished-at="2019-08-13T10:39:39Z">
          <params>
            <param index="0">
              <value>
                <![CDATA[39.99]]>
              </value>
            </param>
          </params>
          <reporter-output>
          </reporter-output>
        </test-method> <!-- b -->
        <test-method status="PASS" signature="b(java.lang.String)[pri:5, instance:testng.NewTest@47c62251]" name="b" duration-ms="78" started-at="2019-08-13T10:39:39Z" data-provider="price" finished-at="2019-08-13T10:39:39Z">
          <params>
            <param index="0">
              <value>
                <![CDATA[41.99]]>
              </value>
            </param>
          </params>
          <reporter-output>
          </reporter-output>
        </test-method> <!-- b -->
        <test-method status="PASS" signature="exit()[pri:0, instance:testng.NewTest@47c62251]" name="exit" is-config="true" duration-ms="1560" started-at="2019-08-13T10:39:39Z" finished-at="2019-08-13T10:39:40Z">
          <reporter-output>
          </reporter-output>
        </test-method> <!-- exit -->
      </class> <!-- testng.NewTest -->
    </test> <!-- Test -->
  </suite> <!-- Suite -->
</testng-results>
